# JRE version: Java(TM) SE Runtime Environment (7.0_45-b18) (build 1.7.0_45-b18)
# Java VM: Java HotSpot(TM) 64-Bit Server VM (24.45-b08 mixed mode windows-amd64 compressed oops)
Heap
 PSYoungGen      total 38400K, used 21861K [0x00000007d5900000, 0x00000007da400000, 0x0000000800000000)
  eden space 33280K, 50% used [0x00000007d5900000,0x00000007d69613d0,0x00000007d7980000)
  from space 5120K, 99% used [0x00000007d7980000,0x00000007d7e78068,0x00000007d7e80000)
  to   space 5120K, 0% used [0x00000007d9f00000,0x00000007d9f00000,0x00000007da400000)
 ParOldGen       total 86528K, used 49126K [0x0000000780c00000, 0x0000000786080000, 0x00000007d5900000)
  object space 86528K, 56% used [0x0000000780c00000,0x0000000783bf99e0,0x0000000786080000)
 PSPermGen       total 24576K, used 24432K [0x000000077ba00000, 0x000000077d200000, 0x0000000780c00000)
  object space 24576K, 99% used [0x000000077ba00000,0x000000077d1dc1f0,0x000000077d200000)
GC Heap History (6 events):
Event: 1.657 GC heap before
{Heap before GC invocations=1 (full 0):
 PSYoungGen      total 38400K, used 33280K [0x00000007d5900000, 0x00000007d8380000, 0x0000000800000000)
  eden space 33280K, 100% used [0x00000007d5900000,0x00000007d7980000,0x00000007d7980000)
  from space 5120K, 0% used [0x00000007d7e80000,0x00000007d7e80000,0x00000007d8380000)
  to   space 5120K, 0% used [0x00000007d7980000,0x00000007d7980000,0x00000007d7e80000)
 ParOldGen       total 86528K, used 0K [0x0000000780c00000, 0x0000000786080000, 0x00000007d5900000)
  object space 86528K, 0% used [0x0000000780c00000,0x0000000780c00000,0x0000000786080000)
 PSPermGen       total 21504K, used 15413K [0x000000077ba00000, 0x000000077cf00000, 0x0000000780c00000)
  object space 21504K, 71% used [0x000000077ba00000,0x000000077c90d5a8,0x000000077cf00000)
Event: 1.665 GC heap after
Heap after GC invocations=1 (full 0):
 PSYoungGen      total 38400K, used 5116K [0x00000007d5900000, 0x00000007d8380000, 0x0000000800000000)
  eden space 33280K, 0% used [0x00000007d5900000,0x00000007d5900000,0x00000007d7980000)
  from space 5120K, 99% used [0x00000007d7980000,0x00000007d7e7f120,0x00000007d7e80000)
  to   space 5120K, 0% used [0x00000007d7e80000,0x00000007d7e80000,0x00000007d8380000)
 ParOldGen       total 86528K, used 2852K [0x0000000780c00000, 0x0000000786080000, 0x00000007d5900000)
  object space 86528K, 3% used [0x0000000780c00000,0x0000000780ec91c0,0x0000000786080000)
 PSPermGen       total 21504K, used 15413K [0x000000077ba00000, 0x000000077cf00000, 0x0000000780c00000)
  object space 21504K, 71% used [0x000000077ba00000,0x000000077c90d5a8,0x000000077cf00000)
}
Event: 2.285 GC heap before
{Heap before GC invocations=2 (full 0):
 PSYoungGen      total 38400K, used 38396K [0x00000007d5900000, 0x00000007d8380000, 0x0000000800000000)
  eden space 33280K, 100% used [0x00000007d5900000,0x00000007d7980000,0x00000007d7980000)
  from space 5120K, 99% used [0x00000007d7980000,0x00000007d7e7f120,0x00000007d7e80000)
  to   space 5120K, 0% used [0x00000007d7e80000,0x00000007d7e80000,0x00000007d8380000)
 ParOldGen       total 86528K, used 2852K [0x0000000780c00000, 0x0000000786080000, 0x00000007d5900000)
  object space 86528K, 3% used [0x0000000780c00000,0x0000000780ec91c0,0x0000000786080000)
 PSPermGen       total 21504K, used 20110K [0x000000077ba00000, 0x000000077cf00000, 0x0000000780c00000)
  object space 21504K, 93% used [0x000000077ba00000,0x000000077cda39a0,0x000000077cf00000)
Event: 2.304 GC heap after
Heap after GC invocations=2 (full 0):
 PSYoungGen      total 38400K, used 5095K [0x00000007d5900000, 0x00000007da400000, 0x0000000800000000)
  eden space 33280K, 0% used [0x00000007d5900000,0x00000007d5900000,0x00000007d7980000)
  from space 5120K, 99% used [0x00000007d7e80000,0x00000007d8379e00,0x00000007d8380000)
  to   space 5120K, 0% used [0x00000007d7980000,0x00000007d7980000,0x00000007d7e80000)
 ParOldGen       total 86528K, used 32863K [0x0000000780c00000, 0x0000000786080000, 0x00000007d5900000)
  object space 86528K, 37% used [0x0000000780c00000,0x0000000782c17dd8,0x0000000786080000)
 PSPermGen       total 21504K, used 20110K [0x000000077ba00000, 0x000000077cf00000, 0x0000000780c00000)
  object space 21504K, 93% used [0x000000077ba00000,0x000000077cda39a0,0x000000077cf00000)
}
Event: 15.874 GC heap before
{Heap before GC invocations=3 (full 0):
 PSYoungGen      total 38400K, used 38375K [0x00000007d5900000, 0x00000007da400000, 0x0000000800000000)
  eden space 33280K, 100% used [0x00000007d5900000,0x00000007d7980000,0x00000007d7980000)
  from space 5120K, 99% used [0x00000007d7e80000,0x00000007d8379e00,0x00000007d8380000)
  to   space 5120K, 0% used [0x00000007d7980000,0x00000007d7980000,0x00000007d7e80000)
 ParOldGen       total 86528K, used 32863K [0x0000000780c00000, 0x0000000786080000, 0x00000007d5900000)
  object space 86528K, 37% used [0x0000000780c00000,0x0000000782c17dd8,0x0000000786080000)
 PSPermGen       total 23552K, used 23540K [0x000000077ba00000, 0x000000077d100000, 0x0000000780c00000)
  object space 23552K, 99% used [0x000000077ba00000,0x000000077d0fd170,0x000000077d100000)
Event: 15.889 GC heap after
Heap after GC invocations=3 (full 0):
 PSYoungGen      total 38400K, used 5088K [0x00000007d5900000, 0x00000007da400000, 0x0000000800000000)
  eden space 33280K, 0% used [0x00000007d5900000,0x00000007d5900000,0x00000007d7980000)
  from space 5120K, 99% used [0x00000007d7980000,0x00000007d7e78068,0x00000007d7e80000)
  to   space 5120K, 0% used [0x00000007d9f00000,0x00000007d9f00000,0x00000007da400000)
 ParOldGen       total 86528K, used 49126K [0x0000000780c00000, 0x0000000786080000, 0x00000007d5900000)
  object space 86528K, 56% used [0x0000000780c00000,0x0000000783bf99e0,0x0000000786080000)
 PSPermGen       total 23552K, used 23540K [0x000000077ba00000, 0x000000077d100000, 0x0000000780c00000)
  object space 23552K, 99% used [0x000000077ba00000,0x000000077d0fd170,0x000000077d100000)
}

