# JRE version: Java(TM) SE Runtime Environment (7.0_45-b18) (build 1.7.0_45-b18)
# Java VM: Java HotSpot(TM) 64-Bit Server VM (24.45-b08 mixed mode windows-amd64 compressed oops)
Heap
 PSYoungGen      total 131072K, used 61125K [0x00000007d5900000, 0x00000007e0e00000, 0x0000000800000000)
  eden space 79872K, 47% used [0x00000007d5900000,0x00000007d7deebe0,0x00000007da700000)
  from space 51200K, 45% used [0x00000007ddc00000,0x00000007df2c2a38,0x00000007e0e00000)
  to   space 52736K, 0% used [0x00000007da700000,0x00000007da700000,0x00000007dda80000)
 ParOldGen       total 210432K, used 107821K [0x0000000780c00000, 0x000000078d980000, 0x00000007d5900000)
  object space 210432K, 51% used [0x0000000780c00000,0x000000078754b538,0x000000078d980000)
 PSPermGen       total 51200K, used 29739K [0x000000077ba00000, 0x000000077ec00000, 0x0000000780c00000)
  object space 51200K, 58% used [0x000000077ba00000,0x000000077d70ade8,0x000000077ec00000)
GC Heap History (10 events):
Event: 412.606 GC heap before
{Heap before GC invocations=24 (full 2):
 PSYoungGen      total 137728K, used 97992K [0x00000007d5900000, 0x00000007e1a00000, 0x0000000800000000)
  eden space 78336K, 100% used [0x00000007d5900000,0x00000007da580000,0x00000007da580000)
  from space 59392K, 33% used [0x00000007da580000,0x00000007db8b2280,0x00000007ddf80000)
  to   space 59392K, 0% used [0x00000007de000000,0x00000007de000000,0x00000007e1a00000)
 ParOldGen       total 210432K, used 97610K [0x0000000780c00000, 0x000000078d980000, 0x00000007d5900000)
  object space 210432K, 46% used [0x0000000780c00000,0x0000000786b52850,0x000000078d980000)
 PSPermGen       total 51200K, used 29649K [0x000000077ba00000, 0x000000077ec00000, 0x0000000780c00000)
  object space 51200K, 57% used [0x000000077ba00000,0x000000077d6f46e0,0x000000077ec00000)
Event: 412.616 GC heap after
Heap after GC invocations=24 (full 2):
 PSYoungGen      total 136192K, used 22173K [0x00000007d5900000, 0x00000007e1800000, 0x0000000800000000)
  eden space 78848K, 0% used [0x00000007d5900000,0x00000007d5900000,0x00000007da600000)
  from space 57344K, 38% used [0x00000007de000000,0x00000007df5a7518,0x00000007e1800000)
  to   space 58368K, 0% used [0x00000007da600000,0x00000007da600000,0x00000007ddf00000)
 ParOldGen       total 210432K, used 107581K [0x0000000780c00000, 0x000000078d980000, 0x00000007d5900000)
  object space 210432K, 51% used [0x0000000780c00000,0x000000078750f538,0x000000078d980000)
 PSPermGen       total 51200K, used 29649K [0x000000077ba00000, 0x000000077ec00000, 0x0000000780c00000)
  object space 51200K, 57% used [0x000000077ba00000,0x000000077d6f46e0,0x000000077ec00000)
}
Event: 422.535 GC heap before
{Heap before GC invocations=25 (full 2):
 PSYoungGen      total 136192K, used 101021K [0x00000007d5900000, 0x00000007e1800000, 0x0000000800000000)
  eden space 78848K, 100% used [0x00000007d5900000,0x00000007da600000,0x00000007da600000)
  from space 57344K, 38% used [0x00000007de000000,0x00000007df5a7518,0x00000007e1800000)
  to   space 58368K, 0% used [0x00000007da600000,0x00000007da600000,0x00000007ddf00000)
 ParOldGen       total 210432K, used 107581K [0x0000000780c00000, 0x000000078d980000, 0x00000007d5900000)
  object space 210432K, 51% used [0x0000000780c00000,0x000000078750f538,0x000000078d980000)
 PSPermGen       total 51200K, used 29682K [0x000000077ba00000, 0x000000077ec00000, 0x0000000780c00000)
  object space 51200K, 57% used [0x000000077ba00000,0x000000077d6fc9e8,0x000000077ec00000)
Event: 422.542 GC heap after
Heap after GC invocations=25 (full 2):
 PSYoungGen      total 102912K, used 23718K [0x00000007d5900000, 0x00000007e1680000, 0x0000000800000000)
  eden space 78848K, 0% used [0x00000007d5900000,0x00000007d5900000,0x00000007da600000)
  from space 24064K, 98% used [0x00000007da600000,0x00000007dbd29800,0x00000007dbd80000)
  to   space 57344K, 0% used [0x00000007dde80000,0x00000007dde80000,0x00000007e1680000)
 ParOldGen       total 210432K, used 107621K [0x0000000780c00000, 0x000000078d980000, 0x00000007d5900000)
  object space 210432K, 51% used [0x0000000780c00000,0x0000000787519538,0x000000078d980000)
 PSPermGen       total 51200K, used 29682K [0x000000077ba00000, 0x000000077ec00000, 0x0000000780c00000)
  object space 51200K, 57% used [0x000000077ba00000,0x000000077d6fc9e8,0x000000077ec00000)
}
Event: 435.978 GC heap before
{Heap before GC invocations=26 (full 2):
 PSYoungGen      total 102912K, used 102566K [0x00000007d5900000, 0x00000007e1680000, 0x0000000800000000)
  eden space 78848K, 100% used [0x00000007d5900000,0x00000007da600000,0x00000007da600000)
  from space 24064K, 98% used [0x00000007da600000,0x00000007dbd29800,0x00000007dbd80000)
  to   space 57344K, 0% used [0x00000007dde80000,0x00000007dde80000,0x00000007e1680000)
 ParOldGen       total 210432K, used 107621K [0x0000000780c00000, 0x000000078d980000, 0x00000007d5900000)
  object space 210432K, 51% used [0x0000000780c00000,0x0000000787519538,0x000000078d980000)
 PSPermGen       total 51200K, used 29703K [0x000000077ba00000, 0x000000077ec00000, 0x0000000780c00000)
  object space 51200K, 58% used [0x000000077ba00000,0x000000077d701e80,0x000000077ec00000)
Event: 435.986 GC heap after
Heap after GC invocations=26 (full 2):
 PSYoungGen      total 133632K, used 23466K [0x00000007d5900000, 0x00000007e1380000, 0x0000000800000000)
  eden space 79360K, 0% used [0x00000007d5900000,0x00000007d5900000,0x00000007da680000)
  from space 54272K, 43% used [0x00000007dde80000,0x00000007df56ab08,0x00000007e1380000)
  to   space 55808K, 0% used [0x00000007da680000,0x00000007da680000,0x00000007ddd00000)
 ParOldGen       total 210432K, used 107653K [0x0000000780c00000, 0x000000078d980000, 0x00000007d5900000)
  object space 210432K, 51% used [0x0000000780c00000,0x0000000787521538,0x000000078d980000)
 PSPermGen       total 51200K, used 29703K [0x000000077ba00000, 0x000000077ec00000, 0x0000000780c00000)
  object space 51200K, 58% used [0x000000077ba00000,0x000000077d701e80,0x000000077ec00000)
}
Event: 450.517 GC heap before
{Heap before GC invocations=27 (full 2):
 PSYoungGen      total 133632K, used 102826K [0x00000007d5900000, 0x00000007e1380000, 0x0000000800000000)
  eden space 79360K, 100% used [0x00000007d5900000,0x00000007da680000,0x00000007da680000)
  from space 54272K, 43% used [0x00000007dde80000,0x00000007df56ab08,0x00000007e1380000)
  to   space 55808K, 0% used [0x00000007da680000,0x00000007da680000,0x00000007ddd00000)
 ParOldGen       total 210432K, used 107653K [0x0000000780c00000, 0x000000078d980000, 0x00000007d5900000)
  object space 210432K, 51% used [0x0000000780c00000,0x0000000787521538,0x000000078d980000)
 PSPermGen       total 51200K, used 29718K [0x000000077ba00000, 0x000000077ec00000, 0x0000000780c00000)
  object space 51200K, 58% used [0x000000077ba00000,0x000000077d705a88,0x000000077ec00000)
Event: 450.525 GC heap after
Heap after GC invocations=27 (full 2):
 PSYoungGen      total 104448K, used 24830K [0x00000007d5900000, 0x00000007e1100000, 0x0000000800000000)
  eden space 79360K, 0% used [0x00000007d5900000,0x00000007d5900000,0x00000007da680000)
  from space 25088K, 98% used [0x00000007da680000,0x00000007dbebfa98,0x00000007dbf00000)
  to   space 54272K, 0% used [0x00000007ddc00000,0x00000007ddc00000,0x00000007e1100000)
 ParOldGen       total 210432K, used 107717K [0x0000000780c00000, 0x000000078d980000, 0x00000007d5900000)
  object space 210432K, 51% used [0x0000000780c00000,0x0000000787531538,0x000000078d980000)
 PSPermGen       total 51200K, used 29718K [0x000000077ba00000, 0x000000077ec00000, 0x0000000780c00000)
  object space 51200K, 58% used [0x000000077ba00000,0x000000077d705a88,0x000000077ec00000)
}
Event: 462.712 GC heap before
{Heap before GC invocations=28 (full 2):
 PSYoungGen      total 104448K, used 104179K [0x00000007d5900000, 0x00000007e1100000, 0x0000000800000000)
  eden space 79360K, 99% used [0x00000007d5900000,0x00000007da67d380,0x00000007da680000)
  from space 25088K, 98% used [0x00000007da680000,0x00000007dbebfa98,0x00000007dbf00000)
  to   space 54272K, 0% used [0x00000007ddc00000,0x00000007ddc00000,0x00000007e1100000)
 ParOldGen       total 210432K, used 107717K [0x0000000780c00000, 0x000000078d980000, 0x00000007d5900000)
  object space 210432K, 51% used [0x0000000780c00000,0x0000000787531538,0x000000078d980000)
 PSPermGen       total 51200K, used 29734K [0x000000077ba00000, 0x000000077ec00000, 0x0000000780c00000)
  object space 51200K, 58% used [0x000000077ba00000,0x000000077d709a08,0x000000077ec00000)
Event: 462.721 GC heap after
Heap after GC invocations=28 (full 2):
 PSYoungGen      total 131072K, used 23306K [0x00000007d5900000, 0x00000007e0e00000, 0x0000000800000000)
  eden space 79872K, 0% used [0x00000007d5900000,0x00000007d5900000,0x00000007da700000)
  from space 51200K, 45% used [0x00000007ddc00000,0x00000007df2c2a38,0x00000007e0e00000)
  to   space 52736K, 0% used [0x00000007da700000,0x00000007da700000,0x00000007dda80000)
 ParOldGen       total 210432K, used 107821K [0x0000000780c00000, 0x000000078d980000, 0x00000007d5900000)
  object space 210432K, 51% used [0x0000000780c00000,0x000000078754b538,0x000000078d980000)
 PSPermGen       total 51200K, used 29734K [0x000000077ba00000, 0x000000077ec00000, 0x0000000780c00000)
  object space 51200K, 58% used [0x000000077ba00000,0x000000077d709a08,0x000000077ec00000)
}

